<?xml version="1.0" encoding="UTF-8"?>
<!-- Generated by org.testng.reporters.JUnitReportReporter -->
<testsuite skipped="0" hostname="SZDJZBDT0105" name="com.gf.tests.Login" tests="6" failures="0" timestamp="25 一月 2019 09:02:23 GMT" time="13.050" errors="0">
  <testcase name="materialBasicDataMaintenance" time="2.126" classname="com.gf.tests.Login"/>
  <testcase name="materialBasicCreate" time="4.261" classname="com.gf.tests.Login"/>
  <testcase name="materialBasicCheck" time="1.184" classname="com.gf.tests.Login"/>
  <testcase name="materialBasicModify" time="3.907" classname="com.gf.tests.Login"/>
  <testcase name="materialsApplicationManagement" time="0.400" classname="com.gf.tests.Login"/>
  <testcase name="materialsApplicationCreate" time="1.172" classname="com.gf.tests.Login"/>
</testsuite> <!-- com.gf.tests.Login -->
